<?xml version="1.0" encoding="UTF-8"?>
<testsuite name="com.kodilla.jdbc.DbManagerTestSuite" tests="3" skipped="0" failures="0" errors="0" timestamp="2022-02-17T12:31:27" hostname="DESKTOP-UTMB8DE" time="0.447">
  <properties/>
  <testcase name="testSelectUsers()" classname="com.kodilla.jdbc.DbManagerTestSuite" time="0.425"/>
  <testcase name="testConnect()" classname="com.kodilla.jdbc.DbManagerTestSuite" time="0.004"/>
  <testcase name="testSelectUsersAndPosts()" classname="com.kodilla.jdbc.DbManagerTestSuite" time="0.015"/>
  <system-out><![CDATA[1, John, Smith
2, Zachary, Lee
3, Thomas, Landgren
4, Stephanie, Kovalsky
5, John, Thomson
John, Smith, 2
Zachary, Lee, 2
]]></system-out>
  <system-err><![CDATA[]]></system-err>
</testsuite>
