<?xml version="1.0" encoding="UTF-8"?>
<testsuite name="com.kodilla.jdbc.StoredProcTestSuite" tests="2" skipped="0" failures="0" errors="0" timestamp="2022-02-17T12:31:28" hostname="DESKTOP-UTMB8DE" time="0.098">
  <properties/>
  <testcase name="testUpdateBestsellers()" classname="com.kodilla.jdbc.StoredProcTestSuite" time="0.03"/>
  <testcase name="testUpdateVipLevels()" classname="com.kodilla.jdbc.StoredProcTestSuite" time="0.067"/>
  <system-out><![CDATA[]]></system-out>
  <system-err><![CDATA[]]></system-err>
</testsuite>
